2024-03-09 19:14:53,063 [Worker-6: Loading available Gradle versions] INFO  o.e.b.c.i.u.g.PublishedGradleVersions - Gradle version information cache is out-of-date. Trying to update.
2024-03-10 12:23:21,475 [Worker-8: Loading available Gradle versions] INFO  o.e.b.c.i.u.g.PublishedGradleVersions - Gradle version information cache is up-to-date. Trying to read.
2024-03-10 19:23:23,308 [Worker-5: Loading available Gradle versions] INFO  o.e.b.c.i.u.g.PublishedGradleVersions - Gradle version information cache is out-of-date. Trying to update.
2024-03-10 19:25:16,856 [Worker-16: Launching mavenrun-1a5a1367-86ec-44c5-b2e7-b988e0e832dd] INFO  o.eclipse.m2e.core.internal.Bundles - getClasspathEntries(Bundle=org.eclipse.m2e.maven.runtime_3.9.500.20231113-2345 [626])
2024-03-10 19:25:16,861 [Worker-16: Launching mavenrun-1a5a1367-86ec-44c5-b2e7-b988e0e832dd] INFO  o.eclipse.m2e.core.internal.Bundles - 	Entry: C:\Users\Asus\.p2\pool\plugins\org.eclipse.m2e.maven.runtime_3.9.500.20231113-2345
2024-03-10 19:25:16,862 [Worker-16: Launching mavenrun-1a5a1367-86ec-44c5-b2e7-b988e0e832dd] INFO  o.eclipse.m2e.core.internal.Bundles - 	Entry: C:\Users\Asus\.p2\pool\plugins\org.eclipse.m2e.maven.runtime_3.9.500.20231113-2345\jars\aopalliance-1.0.jar
2024-03-10 19:25:16,862 [Worker-16: Launching mavenrun-1a5a1367-86ec-44c5-b2e7-b988e0e832dd] INFO  o.eclipse.m2e.core.internal.Bundles - 	Entry: C:\Users\Asus\.p2\pool\plugins\org.eclipse.m2e.maven.runtime_3.9.500.20231113-2345\jars\guice-5.1.0.jar
2024-03-10 19:25:16,863 [Worker-16: Launching mavenrun-1a5a1367-86ec-44c5-b2e7-b988e0e832dd] INFO  o.eclipse.m2e.core.internal.Bundles - 	Entry: C:\Users\Asus\.p2\pool\plugins\org.eclipse.m2e.maven.runtime_3.9.500.20231113-2345\jars\httpclient-4.5.14.jar
2024-03-10 19:25:16,863 [Worker-16: Launching mavenrun-1a5a1367-86ec-44c5-b2e7-b988e0e832dd] INFO  o.eclipse.m2e.core.internal.Bundles - 	Entry: C:\Users\Asus\.p2\pool\plugins\org.eclipse.m2e.maven.runtime_3.9.500.20231113-2345\jars\httpcore-4.4.16.jar
2024-03-10 19:25:16,863 [Worker-16: Launching mavenrun-1a5a1367-86ec-44c5-b2e7-b988e0e832dd] INFO  o.eclipse.m2e.core.internal.Bundles - 	Entry: C:\Users\Asus\.p2\pool\plugins\org.eclipse.m2e.maven.runtime_3.9.500.20231113-2345\jars\jansi-2.4.0.jar
2024-03-10 19:25:16,864 [Worker-16: Launching mavenrun-1a5a1367-86ec-44c5-b2e7-b988e0e832dd] INFO  o.eclipse.m2e.core.internal.Bundles - 	Entry: C:\Users\Asus\.p2\pool\plugins\org.eclipse.m2e.maven.runtime_3.9.500.20231113-2345\jars\jcl-over-slf4j-1.7.36.jar
2024-03-10 19:25:16,864 [Worker-16: Launching mavenrun-1a5a1367-86ec-44c5-b2e7-b988e0e832dd] INFO  o.eclipse.m2e.core.internal.Bundles - 	Entry: C:\Users\Asus\.p2\pool\plugins\org.eclipse.m2e.maven.runtime_3.9.500.20231113-2345\jars\maven-artifact-3.9.5.jar
2024-03-10 19:25:16,864 [Worker-16: Launching mavenrun-1a5a1367-86ec-44c5-b2e7-b988e0e832dd] INFO  o.eclipse.m2e.core.internal.Bundles - 	Entry: C:\Users\Asus\.p2\pool\plugins\org.eclipse.m2e.maven.runtime_3.9.500.20231113-2345\jars\maven-builder-support-3.9.5.jar
2024-03-10 19:25:16,864 [Worker-16: Launching mavenrun-1a5a1367-86ec-44c5-b2e7-b988e0e832dd] INFO  o.eclipse.m2e.core.internal.Bundles - 	Entry: C:\Users\Asus\.p2\pool\plugins\org.eclipse.m2e.maven.runtime_3.9.500.20231113-2345\jars\maven-compat-3.9.5.jar
2024-03-10 19:25:16,865 [Worker-16: Launching mavenrun-1a5a1367-86ec-44c5-b2e7-b988e0e832dd] INFO  o.eclipse.m2e.core.internal.Bundles - 	Entry: C:\Users\Asus\.p2\pool\plugins\org.eclipse.m2e.maven.runtime_3.9.500.20231113-2345\jars\maven-core-3.9.5.jar
2024-03-10 19:25:16,865 [Worker-16: Launching mavenrun-1a5a1367-86ec-44c5-b2e7-b988e0e832dd] INFO  o.eclipse.m2e.core.internal.Bundles - 	Entry: C:\Users\Asus\.p2\pool\plugins\org.eclipse.m2e.maven.runtime_3.9.500.20231113-2345\jars\maven-embedder-3.9.5.jar
2024-03-10 19:25:16,865 [Worker-16: Launching mavenrun-1a5a1367-86ec-44c5-b2e7-b988e0e832dd] INFO  o.eclipse.m2e.core.internal.Bundles - 	Entry: C:\Users\Asus\.p2\pool\plugins\org.eclipse.m2e.maven.runtime_3.9.500.20231113-2345\jars\maven-model-3.9.5.jar
2024-03-10 19:25:16,866 [Worker-16: Launching mavenrun-1a5a1367-86ec-44c5-b2e7-b988e0e832dd] INFO  o.eclipse.m2e.core.internal.Bundles - 	Entry: C:\Users\Asus\.p2\pool\plugins\org.eclipse.m2e.maven.runtime_3.9.500.20231113-2345\jars\maven-model-builder-3.9.5.jar
2024-03-10 19:25:16,866 [Worker-16: Launching mavenrun-1a5a1367-86ec-44c5-b2e7-b988e0e832dd] INFO  o.eclipse.m2e.core.internal.Bundles - 	Entry: C:\Users\Asus\.p2\pool\plugins\org.eclipse.m2e.maven.runtime_3.9.500.20231113-2345\jars\maven-plugin-api-3.9.5.jar
2024-03-10 19:25:16,867 [Worker-16: Launching mavenrun-1a5a1367-86ec-44c5-b2e7-b988e0e832dd] INFO  o.eclipse.m2e.core.internal.Bundles - 	Entry: C:\Users\Asus\.p2\pool\plugins\org.eclipse.m2e.maven.runtime_3.9.500.20231113-2345\jars\maven-repository-metadata-3.9.5.jar
2024-03-10 19:25:16,867 [Worker-16: Launching mavenrun-1a5a1367-86ec-44c5-b2e7-b988e0e832dd] INFO  o.eclipse.m2e.core.internal.Bundles - 	Entry: C:\Users\Asus\.p2\pool\plugins\org.eclipse.m2e.maven.runtime_3.9.500.20231113-2345\jars\maven-resolver-api-1.9.16.jar
2024-03-10 19:25:16,867 [Worker-16: Launching mavenrun-1a5a1367-86ec-44c5-b2e7-b988e0e832dd] INFO  o.eclipse.m2e.core.internal.Bundles - 	Entry: C:\Users\Asus\.p2\pool\plugins\org.eclipse.m2e.maven.runtime_3.9.500.20231113-2345\jars\maven-resolver-connector-basic-1.9.16.jar
2024-03-10 19:25:16,868 [Worker-16: Launching mavenrun-1a5a1367-86ec-44c5-b2e7-b988e0e832dd] INFO  o.eclipse.m2e.core.internal.Bundles - 	Entry: C:\Users\Asus\.p2\pool\plugins\org.eclipse.m2e.maven.runtime_3.9.500.20231113-2345\jars\maven-resolver-impl-1.9.16.jar
2024-03-10 19:25:16,868 [Worker-16: Launching mavenrun-1a5a1367-86ec-44c5-b2e7-b988e0e832dd] INFO  o.eclipse.m2e.core.internal.Bundles - 	Entry: C:\Users\Asus\.p2\pool\plugins\org.eclipse.m2e.maven.runtime_3.9.500.20231113-2345\jars\maven-resolver-named-locks-1.9.16.jar
2024-03-10 19:25:16,868 [Worker-16: Launching mavenrun-1a5a1367-86ec-44c5-b2e7-b988e0e832dd] INFO  o.eclipse.m2e.core.internal.Bundles - 	Entry: C:\Users\Asus\.p2\pool\plugins\org.eclipse.m2e.maven.runtime_3.9.500.20231113-2345\jars\maven-resolver-provider-3.9.5.jar
2024-03-10 19:25:16,868 [Worker-16: Launching mavenrun-1a5a1367-86ec-44c5-b2e7-b988e0e832dd] INFO  o.eclipse.m2e.core.internal.Bundles - 	Entry: C:\Users\Asus\.p2\pool\plugins\org.eclipse.m2e.maven.runtime_3.9.500.20231113-2345\jars\maven-resolver-spi-1.9.16.jar
2024-03-10 19:25:16,869 [Worker-16: Launching mavenrun-1a5a1367-86ec-44c5-b2e7-b988e0e832dd] INFO  o.eclipse.m2e.core.internal.Bundles - 	Entry: C:\Users\Asus\.p2\pool\plugins\org.eclipse.m2e.maven.runtime_3.9.500.20231113-2345\jars\maven-resolver-transport-file-1.9.16.jar
2024-03-10 19:25:16,869 [Worker-16: Launching mavenrun-1a5a1367-86ec-44c5-b2e7-b988e0e832dd] INFO  o.eclipse.m2e.core.internal.Bundles - 	Entry: C:\Users\Asus\.p2\pool\plugins\org.eclipse.m2e.maven.runtime_3.9.500.20231113-2345\jars\maven-resolver-transport-http-1.9.16.jar
2024-03-10 19:25:16,869 [Worker-16: Launching mavenrun-1a5a1367-86ec-44c5-b2e7-b988e0e832dd] INFO  o.eclipse.m2e.core.internal.Bundles - 	Entry: C:\Users\Asus\.p2\pool\plugins\org.eclipse.m2e.maven.runtime_3.9.500.20231113-2345\jars\maven-resolver-transport-wagon-1.9.16.jar
2024-03-10 19:25:16,870 [Worker-16: Launching mavenrun-1a5a1367-86ec-44c5-b2e7-b988e0e832dd] INFO  o.eclipse.m2e.core.internal.Bundles - 	Entry: C:\Users\Asus\.p2\pool\plugins\org.eclipse.m2e.maven.runtime_3.9.500.20231113-2345\jars\maven-resolver-util-1.9.16.jar
2024-03-10 19:25:16,870 [Worker-16: Launching mavenrun-1a5a1367-86ec-44c5-b2e7-b988e0e832dd] INFO  o.eclipse.m2e.core.internal.Bundles - 	Entry: C:\Users\Asus\.p2\pool\plugins\org.eclipse.m2e.maven.runtime_3.9.500.20231113-2345\jars\maven-settings-3.9.5.jar
2024-03-10 19:25:16,871 [Worker-16: Launching mavenrun-1a5a1367-86ec-44c5-b2e7-b988e0e832dd] INFO  o.eclipse.m2e.core.internal.Bundles - 	Entry: C:\Users\Asus\.p2\pool\plugins\org.eclipse.m2e.maven.runtime_3.9.500.20231113-2345\jars\maven-settings-builder-3.9.5.jar
2024-03-10 19:25:16,871 [Worker-16: Launching mavenrun-1a5a1367-86ec-44c5-b2e7-b988e0e832dd] INFO  o.eclipse.m2e.core.internal.Bundles - 	Entry: C:\Users\Asus\.p2\pool\plugins\org.eclipse.m2e.maven.runtime_3.9.500.20231113-2345\jars\maven-shared-utils-3.3.4.jar
2024-03-10 19:25:16,872 [Worker-16: Launching mavenrun-1a5a1367-86ec-44c5-b2e7-b988e0e832dd] INFO  o.eclipse.m2e.core.internal.Bundles - 	Entry: C:\Users\Asus\.p2\pool\plugins\org.eclipse.m2e.maven.runtime_3.9.500.20231113-2345\jars\org.eclipse.sisu.inject-0.3.5.jar
2024-03-10 19:25:16,872 [Worker-16: Launching mavenrun-1a5a1367-86ec-44c5-b2e7-b988e0e832dd] INFO  o.eclipse.m2e.core.internal.Bundles - 	Entry: C:\Users\Asus\.p2\pool\plugins\org.eclipse.m2e.maven.runtime_3.9.500.20231113-2345\jars\org.eclipse.sisu.plexus-0.3.5.jar
2024-03-10 19:25:16,873 [Worker-16: Launching mavenrun-1a5a1367-86ec-44c5-b2e7-b988e0e832dd] INFO  o.eclipse.m2e.core.internal.Bundles - 	Entry: C:\Users\Asus\.p2\pool\plugins\org.eclipse.m2e.maven.runtime_3.9.500.20231113-2345\jars\plexus-build-api-0.0.7.jar
2024-03-10 19:25:16,874 [Worker-16: Launching mavenrun-1a5a1367-86ec-44c5-b2e7-b988e0e832dd] INFO  o.eclipse.m2e.core.internal.Bundles - 	Entry: C:\Users\Asus\.p2\pool\plugins\org.eclipse.m2e.maven.runtime_3.9.500.20231113-2345\jars\plexus-cipher-2.0.jar
2024-03-10 19:25:16,874 [Worker-16: Launching mavenrun-1a5a1367-86ec-44c5-b2e7-b988e0e832dd] INFO  o.eclipse.m2e.core.internal.Bundles - 	Entry: C:\Users\Asus\.p2\pool\plugins\org.eclipse.m2e.maven.runtime_3.9.500.20231113-2345\jars\plexus-classworlds-2.7.0.jar
2024-03-10 19:25:16,875 [Worker-16: Launching mavenrun-1a5a1367-86ec-44c5-b2e7-b988e0e832dd] INFO  o.eclipse.m2e.core.internal.Bundles - 	Entry: C:\Users\Asus\.p2\pool\plugins\org.eclipse.m2e.maven.runtime_3.9.500.20231113-2345\jars\plexus-component-annotations-2.1.0.jar
2024-03-10 19:25:16,875 [Worker-16: Launching mavenrun-1a5a1367-86ec-44c5-b2e7-b988e0e832dd] INFO  o.eclipse.m2e.core.internal.Bundles - 	Entry: C:\Users\Asus\.p2\pool\plugins\org.eclipse.m2e.maven.runtime_3.9.500.20231113-2345\jars\plexus-interpolation-1.26.jar
2024-03-10 19:25:16,876 [Worker-16: Launching mavenrun-1a5a1367-86ec-44c5-b2e7-b988e0e832dd] INFO  o.eclipse.m2e.core.internal.Bundles - 	Entry: C:\Users\Asus\.p2\pool\plugins\org.eclipse.m2e.maven.runtime_3.9.500.20231113-2345\jars\plexus-sec-dispatcher-2.0.jar
2024-03-10 19:25:16,876 [Worker-16: Launching mavenrun-1a5a1367-86ec-44c5-b2e7-b988e0e832dd] INFO  o.eclipse.m2e.core.internal.Bundles - 	Entry: C:\Users\Asus\.p2\pool\plugins\org.eclipse.m2e.maven.runtime_3.9.500.20231113-2345\jars\plexus-utils-3.5.1.jar
2024-03-10 19:25:16,876 [Worker-16: Launching mavenrun-1a5a1367-86ec-44c5-b2e7-b988e0e832dd] INFO  o.eclipse.m2e.core.internal.Bundles - 	Entry: C:\Users\Asus\.p2\pool\plugins\org.eclipse.m2e.maven.runtime_3.9.500.20231113-2345\jars\wagon-file-3.5.3.jar
2024-03-10 19:25:16,877 [Worker-16: Launching mavenrun-1a5a1367-86ec-44c5-b2e7-b988e0e832dd] INFO  o.eclipse.m2e.core.internal.Bundles - 	Entry: C:\Users\Asus\.p2\pool\plugins\org.eclipse.m2e.maven.runtime_3.9.500.20231113-2345\jars\wagon-http-3.5.3.jar
2024-03-10 19:25:16,877 [Worker-16: Launching mavenrun-1a5a1367-86ec-44c5-b2e7-b988e0e832dd] INFO  o.eclipse.m2e.core.internal.Bundles - 	Entry: C:\Users\Asus\.p2\pool\plugins\org.eclipse.m2e.maven.runtime_3.9.500.20231113-2345\jars\wagon-http-shared-3.5.3.jar
2024-03-10 19:25:16,877 [Worker-16: Launching mavenrun-1a5a1367-86ec-44c5-b2e7-b988e0e832dd] INFO  o.eclipse.m2e.core.internal.Bundles - 	Entry: C:\Users\Asus\.p2\pool\plugins\org.eclipse.m2e.maven.runtime_3.9.500.20231113-2345\jars\wagon-provider-api-3.5.3.jar
2024-03-10 19:25:16,880 [Worker-16: Launching mavenrun-1a5a1367-86ec-44c5-b2e7-b988e0e832dd] INFO  o.eclipse.m2e.core.internal.Bundles - getClasspathEntries(Bundle=com.google.guava_32.1.3.jre [12])
2024-03-10 19:25:16,881 [Worker-16: Launching mavenrun-1a5a1367-86ec-44c5-b2e7-b988e0e832dd] INFO  o.eclipse.m2e.core.internal.Bundles - 	Entry: C:\Users\Asus\.p2\pool\plugins\com.google.guava_32.1.3.jre.jar
2024-03-10 19:25:16,881 [Worker-16: Launching mavenrun-1a5a1367-86ec-44c5-b2e7-b988e0e832dd] INFO  o.eclipse.m2e.core.internal.Bundles - getClasspathEntries(Bundle=slf4j.api_2.0.11 [986])
2024-03-10 19:25:16,882 [Worker-16: Launching mavenrun-1a5a1367-86ec-44c5-b2e7-b988e0e832dd] INFO  o.eclipse.m2e.core.internal.Bundles - 	Entry: C:\Users\Asus\.p2\pool\plugins\slf4j.api_2.0.11.jar
2024-03-10 19:25:16,882 [Worker-16: Launching mavenrun-1a5a1367-86ec-44c5-b2e7-b988e0e832dd] INFO  o.eclipse.m2e.core.internal.Bundles - getClasspathEntries(Bundle=jakarta.inject.jakarta.inject-api_1.0.5 [29])
2024-03-10 19:25:16,883 [Worker-16: Launching mavenrun-1a5a1367-86ec-44c5-b2e7-b988e0e832dd] INFO  o.eclipse.m2e.core.internal.Bundles - 	Entry: C:\Users\Asus\.p2\pool\plugins\jakarta.inject.jakarta.inject-api_1.0.5.jar
2024-03-10 19:25:16,884 [Worker-16: Launching mavenrun-1a5a1367-86ec-44c5-b2e7-b988e0e832dd] INFO  o.eclipse.m2e.core.internal.Bundles - getClasspathEntries(Bundle=jakarta.annotation-api_1.3.5 [24])
2024-03-10 19:25:16,885 [Worker-16: Launching mavenrun-1a5a1367-86ec-44c5-b2e7-b988e0e832dd] INFO  o.eclipse.m2e.core.internal.Bundles - 	Entry: C:\Users\Asus\.p2\pool\plugins\jakarta.annotation-api_1.3.5.jar
2024-03-10 19:25:16,885 [Worker-16: Launching mavenrun-1a5a1367-86ec-44c5-b2e7-b988e0e832dd] INFO  o.eclipse.m2e.core.internal.Bundles - getClasspathEntries(Bundle=org.apache.commons.cli_1.6.0 [71])
2024-03-10 19:25:16,885 [Worker-16: Launching mavenrun-1a5a1367-86ec-44c5-b2e7-b988e0e832dd] INFO  o.eclipse.m2e.core.internal.Bundles - 	Entry: C:\Users\Asus\.p2\pool\plugins\org.apache.commons.cli_1.6.0.jar
2024-03-10 19:25:16,885 [Worker-16: Launching mavenrun-1a5a1367-86ec-44c5-b2e7-b988e0e832dd] INFO  o.eclipse.m2e.core.internal.Bundles - getClasspathEntries(Bundle=org.apache.commons.commons-codec_1.16.0 [75])
2024-03-10 19:25:16,886 [Worker-16: Launching mavenrun-1a5a1367-86ec-44c5-b2e7-b988e0e832dd] INFO  o.eclipse.m2e.core.internal.Bundles - 	Entry: C:\Users\Asus\.p2\pool\plugins\org.apache.commons.commons-codec_1.16.0.jar
2024-03-10 19:25:16,886 [Worker-16: Launching mavenrun-1a5a1367-86ec-44c5-b2e7-b988e0e832dd] INFO  o.eclipse.m2e.core.internal.Bundles - getClasspathEntries(Bundle=org.apache.commons.lang3_3.13.0 [82])
2024-03-10 19:25:16,887 [Worker-16: Launching mavenrun-1a5a1367-86ec-44c5-b2e7-b988e0e832dd] INFO  o.eclipse.m2e.core.internal.Bundles - 	Entry: C:\Users\Asus\.p2\pool\plugins\org.apache.commons.lang3_3.13.0.jar
2024-03-10 19:25:16,887 [Worker-16: Launching mavenrun-1a5a1367-86ec-44c5-b2e7-b988e0e832dd] INFO  o.eclipse.m2e.core.internal.Bundles - getClasspathEntries(Bundle=com.google.guava.failureaccess_1.0.2 [13])
2024-03-10 19:25:16,888 [Worker-16: Launching mavenrun-1a5a1367-86ec-44c5-b2e7-b988e0e832dd] INFO  o.eclipse.m2e.core.internal.Bundles - 	Entry: C:\Users\Asus\.p2\pool\plugins\com.google.guava.failureaccess_1.0.2.jar
2024-03-10 19:25:16,903 [Worker-16: Launching mavenrun-1a5a1367-86ec-44c5-b2e7-b988e0e832dd] INFO  o.e.m.i.launch.MavenLaunchDelegate - Run build in "C:\Users\Asus\AppData\Local\Temp\m2e-archetypeGenerator3291930959441604173":
2024-03-10 19:25:16,911 [Worker-16: Launching mavenrun-1a5a1367-86ec-44c5-b2e7-b988e0e832dd] INFO  o.e.m.i.launch.MavenLaunchDelegate -  mvn  -DarchetypeGroupId=org.apache.maven.archetypes -DarchetypeArtifactId=maven-archetype-webapp -DarchetypeVersion=1.4 -DgroupId=com.jsp -DartifactId=Student_Management_System -Dversion=0.0.1-SNAPSHOT -Dpackage=com.jsp.Student_Management_System -DoutputDirectory="C:\Advance Java\ServletProject" -Dstyle.color=always -U archetype:generate
2024-03-10 19:25:42,662 [Worker-10: Creating maven-archetype-webapp] INFO  o.e.m.c.i.p.ProjectConfigurationManager - Collecting project info '/pom.xml' C:\Advance Java\ServletProject\Student_Management_System\pom.xml
2024-03-10 19:25:44,455 [Worker-10: Creating maven-archetype-webapp] INFO  o.e.m.c.i.l.LifecycleMappingFactory - Using org.maven.ide.eclipse.wtp.WarLifecycleMapping lifecycle mapping for MavenProject: com.jsp:Student_Management_System:0.0.1-SNAPSHOT @ C:\Advance Java\ServletProject\Student_Management_System\pom.xml.
2024-03-10 19:25:46,199 [Worker-10: Creating maven-archetype-webapp] INFO  o.e.m.j.i.AbstractJavaProjectConfigurator - Adding source folder /Student_Management_System/src/main/java
2024-03-10 19:25:46,199 [Worker-10: Creating maven-archetype-webapp] INFO  o.e.m.j.i.AbstractJavaProjectConfigurator - Adding resource folder /Student_Management_System/src/main/resources
2024-03-10 19:25:46,201 [Worker-10: Creating maven-archetype-webapp] INFO  o.e.m.j.i.AbstractJavaProjectConfigurator - Adding source folder /Student_Management_System/src/test/java
2024-03-10 19:25:46,202 [Worker-10: Creating maven-archetype-webapp] INFO  o.e.m.j.i.AbstractJavaProjectConfigurator - Adding resource folder /Student_Management_System/src/test/resources
2024-03-10 19:25:48,389 [Worker-10: Creating maven-archetype-webapp] INFO  o.e.m.c.i.p.ProjectConfigurationManager - Imported and configured 1 project(s) in 5 sec
2024-03-10 19:25:49,253 [Worker-23: Building] INFO  o.e.m.c.i.embedder.EclipseLogger - Using 'UTF-8' encoding to copy filtered resources.
2024-03-10 19:25:49,254 [Worker-23: Building] INFO  o.e.m.c.i.embedder.EclipseLogger - skip non existing resourceDirectory C:\Advance Java\ServletProject\Student_Management_System\src\main\resources
2024-03-10 19:25:49,261 [Worker-23: Building] INFO  o.e.m.c.i.embedder.EclipseLogger - Using 'UTF-8' encoding to copy filtered resources.
2024-03-10 19:25:49,262 [Worker-23: Building] INFO  o.e.m.c.i.embedder.EclipseLogger - skip non existing resourceDirectory C:\Advance Java\ServletProject\Student_Management_System\src\test\resources
2024-03-10 19:26:06,921 [Worker-17: Building] INFO  o.e.m.c.i.embedder.EclipseLogger - Using 'UTF-8' encoding to copy filtered resources.
2024-03-10 19:26:06,939 [Worker-17: Building] INFO  o.e.m.c.i.embedder.EclipseLogger - Copying 0 resource
2024-03-10 19:26:06,947 [Worker-17: Building] INFO  o.e.m.c.i.embedder.EclipseLogger - Using 'UTF-8' encoding to copy filtered resources.
2024-03-10 19:26:06,948 [Worker-17: Building] INFO  o.e.m.c.i.embedder.EclipseLogger - Copying 0 resource
2024-03-10 19:26:30,392 [Worker-23: Building] INFO  o.e.m.c.i.embedder.EclipseLogger - Using 'UTF-8' encoding to copy filtered resources.
2024-03-10 19:26:30,394 [Worker-23: Building] INFO  o.e.m.c.i.embedder.EclipseLogger - Copying 0 resource
2024-03-10 19:26:30,404 [Worker-23: Building] INFO  o.e.m.c.i.embedder.EclipseLogger - Using 'UTF-8' encoding to copy filtered resources.
2024-03-10 19:26:30,406 [Worker-23: Building] INFO  o.e.m.c.i.embedder.EclipseLogger - Copying 0 resource
2024-03-10 19:26:40,877 [Worker-32: Building] INFO  o.e.m.c.i.l.LifecycleMappingFactory - Using org.maven.ide.eclipse.wtp.WarLifecycleMapping lifecycle mapping for MavenProject: com.jsp:Student_Management_System:0.0.1-SNAPSHOT @ C:\Advance Java\ServletProject\Student_Management_System\pom.xml.
2024-03-10 19:26:41,872 [Worker-32: Building] INFO  o.e.m.c.i.embedder.EclipseLogger - Using 'UTF-8' encoding to copy filtered resources.
2024-03-10 19:26:41,877 [Worker-32: Building] INFO  o.e.m.c.i.embedder.EclipseLogger - Copying 0 resource
2024-03-10 19:26:41,881 [Worker-32: Building] INFO  o.e.m.c.i.embedder.EclipseLogger - Using 'UTF-8' encoding to copy filtered resources.
2024-03-10 19:26:41,882 [Worker-32: Building] INFO  o.e.m.c.i.embedder.EclipseLogger - Copying 0 resource
2024-03-10 19:26:41,883 [Worker-32: Building] INFO  o.e.m.w.i.f.ResourceFilteringBuildParticipant - Changed resources require a complete clean of filtered resources of Student_Management_System
2024-03-10 19:26:41,885 [Worker-32: Building] INFO  o.e.m.w.i.f.ResourceFilteringBuildParticipant - Executing resource filtering for Student_Management_System
2024-03-10 19:26:43,798 [Worker-32: Building] INFO  o.e.m.c.i.l.LifecycleMappingFactory - Using org.maven.ide.eclipse.wtp.WarLifecycleMapping lifecycle mapping for MavenProject: com.jsp:Student_Management_System:0.0.1-SNAPSHOT @ C:\Advance Java\ServletProject\Student_Management_System\pom.xml.
2024-03-10 19:26:44,604 [Worker-32: Building] INFO  o.e.m.c.i.embedder.EclipseLogger - Using 'UTF-8' encoding to copy filtered resources.
2024-03-10 19:26:44,608 [Worker-32: Building] INFO  o.e.m.c.i.embedder.EclipseLogger - Copying 0 resource
2024-03-10 19:26:44,612 [Worker-32: Building] INFO  o.e.m.c.i.embedder.EclipseLogger - Using 'UTF-8' encoding to copy filtered resources.
2024-03-10 19:26:44,613 [Worker-32: Building] INFO  o.e.m.c.i.embedder.EclipseLogger - Copying 0 resource
2024-03-10 19:26:44,614 [Worker-32: Building] INFO  o.e.m.w.i.f.ResourceFilteringBuildParticipant - Changed resources require a complete clean of filtered resources of Student_Management_System
2024-03-10 19:26:44,614 [Worker-32: Building] INFO  o.e.m.w.i.f.ResourceFilteringBuildParticipant - Executing resource filtering for Student_Management_System
2024-03-10 19:27:19,026 [Worker-17: Building] INFO  o.e.m.c.i.l.LifecycleMappingFactory - Using org.maven.ide.eclipse.wtp.WarLifecycleMapping lifecycle mapping for MavenProject: com.jsp:Student_Management_System:0.0.1-SNAPSHOT @ C:\Advance Java\ServletProject\Student_Management_System\pom.xml.
2024-03-10 19:27:19,980 [Worker-17: Building] INFO  o.e.m.c.i.embedder.EclipseLogger - Using 'UTF-8' encoding to copy filtered resources.
2024-03-10 19:27:19,985 [Worker-17: Building] INFO  o.e.m.c.i.embedder.EclipseLogger - Copying 0 resource
2024-03-10 19:27:19,993 [Worker-17: Building] INFO  o.e.m.c.i.embedder.EclipseLogger - Using 'UTF-8' encoding to copy filtered resources.
2024-03-10 19:27:19,995 [Worker-17: Building] INFO  o.e.m.c.i.embedder.EclipseLogger - Copying 0 resource
2024-03-10 19:27:19,996 [Worker-17: Building] INFO  o.e.m.w.i.f.ResourceFilteringBuildParticipant - Changed resources require a complete clean of filtered resources of Student_Management_System
2024-03-10 19:27:19,996 [Worker-17: Building] INFO  o.e.m.w.i.f.ResourceFilteringBuildParticipant - Executing resource filtering for Student_Management_System
2024-03-10 19:36:21,677 [Worker-42: Building] INFO  o.e.m.c.i.embedder.EclipseLogger - Using 'UTF-8' encoding to copy filtered resources.
2024-03-10 19:36:21,679 [Worker-42: Building] INFO  o.e.m.c.i.embedder.EclipseLogger - Copying 0 resource
2024-03-10 19:36:21,682 [Worker-42: Building] INFO  o.e.m.c.i.embedder.EclipseLogger - Using 'UTF-8' encoding to copy filtered resources.
2024-03-10 19:36:21,684 [Worker-42: Building] INFO  o.e.m.c.i.embedder.EclipseLogger - Copying 0 resource
2024-03-10 19:39:14,788 [Worker-33: Building] INFO  o.e.m.c.i.embedder.EclipseLogger - Using 'UTF-8' encoding to copy filtered resources.
2024-03-10 19:39:14,789 [Worker-33: Building] INFO  o.e.m.c.i.embedder.EclipseLogger - Copying 0 resource
2024-03-10 19:39:14,793 [Worker-33: Building] INFO  o.e.m.c.i.embedder.EclipseLogger - Using 'UTF-8' encoding to copy filtered resources.
2024-03-10 19:39:14,794 [Worker-33: Building] INFO  o.e.m.c.i.embedder.EclipseLogger - Copying 0 resource
2024-03-10 19:45:40,962 [Worker-44: Building] INFO  o.e.m.c.i.embedder.EclipseLogger - Using 'UTF-8' encoding to copy filtered resources.
2024-03-10 19:45:40,963 [Worker-44: Building] INFO  o.e.m.c.i.embedder.EclipseLogger - Copying 0 resource
2024-03-10 19:45:40,967 [Worker-44: Building] INFO  o.e.m.c.i.embedder.EclipseLogger - Using 'UTF-8' encoding to copy filtered resources.
2024-03-10 19:45:40,968 [Worker-44: Building] INFO  o.e.m.c.i.embedder.EclipseLogger - Copying 0 resource
2024-03-10 19:45:57,117 [Worker-43: Building] INFO  o.e.m.c.i.embedder.EclipseLogger - Using 'UTF-8' encoding to copy filtered resources.
2024-03-10 19:45:57,118 [Worker-43: Building] INFO  o.e.m.c.i.embedder.EclipseLogger - Copying 0 resource
2024-03-10 19:45:57,121 [Worker-43: Building] INFO  o.e.m.c.i.embedder.EclipseLogger - Using 'UTF-8' encoding to copy filtered resources.
2024-03-10 19:45:57,123 [Worker-43: Building] INFO  o.e.m.c.i.embedder.EclipseLogger - Copying 0 resource
2024-03-10 19:48:12,435 [Worker-43: Building] INFO  o.e.m.c.i.embedder.EclipseLogger - Using 'UTF-8' encoding to copy filtered resources.
2024-03-10 19:48:12,436 [Worker-43: Building] INFO  o.e.m.c.i.embedder.EclipseLogger - Copying 0 resource
2024-03-10 19:48:12,439 [Worker-43: Building] INFO  o.e.m.c.i.embedder.EclipseLogger - Using 'UTF-8' encoding to copy filtered resources.
2024-03-10 19:48:12,442 [Worker-43: Building] INFO  o.e.m.c.i.embedder.EclipseLogger - Copying 0 resource
2024-03-10 19:49:52,436 [Worker-42: Building] INFO  o.e.m.c.i.embedder.EclipseLogger - Using 'UTF-8' encoding to copy filtered resources.
2024-03-10 19:49:52,438 [Worker-42: Building] INFO  o.e.m.c.i.embedder.EclipseLogger - Copying 0 resource
2024-03-10 19:49:52,443 [Worker-42: Building] INFO  o.e.m.c.i.embedder.EclipseLogger - Using 'UTF-8' encoding to copy filtered resources.
2024-03-10 19:49:52,444 [Worker-42: Building] INFO  o.e.m.c.i.embedder.EclipseLogger - Copying 0 resource
2024-03-10 19:51:33,740 [Worker-43: Building] INFO  o.e.m.c.i.embedder.EclipseLogger - Using 'UTF-8' encoding to copy filtered resources.
2024-03-10 19:51:33,741 [Worker-43: Building] INFO  o.e.m.c.i.embedder.EclipseLogger - Copying 0 resource
2024-03-10 19:51:33,745 [Worker-43: Building] INFO  o.e.m.c.i.embedder.EclipseLogger - Using 'UTF-8' encoding to copy filtered resources.
2024-03-10 19:51:33,746 [Worker-43: Building] INFO  o.e.m.c.i.embedder.EclipseLogger - Copying 0 resource
2024-03-10 19:53:04,515 [Worker-46: Building] INFO  o.e.m.c.i.embedder.EclipseLogger - Using 'UTF-8' encoding to copy filtered resources.
2024-03-10 19:53:04,517 [Worker-46: Building] INFO  o.e.m.c.i.embedder.EclipseLogger - Copying 0 resource
2024-03-10 19:53:04,523 [Worker-46: Building] INFO  o.e.m.c.i.embedder.EclipseLogger - Using 'UTF-8' encoding to copy filtered resources.
2024-03-10 19:53:04,524 [Worker-46: Building] INFO  o.e.m.c.i.embedder.EclipseLogger - Copying 0 resource
2024-03-10 20:17:52,188 [Worker-50: Building] INFO  o.e.m.c.i.embedder.EclipseLogger - Using 'UTF-8' encoding to copy filtered resources.
2024-03-10 20:17:52,196 [Worker-50: Building] INFO  o.e.m.c.i.embedder.EclipseLogger - Copying 0 resource
2024-03-10 20:17:52,200 [Worker-50: Building] INFO  o.e.m.c.i.embedder.EclipseLogger - Using 'UTF-8' encoding to copy filtered resources.
2024-03-10 20:17:52,202 [Worker-50: Building] INFO  o.e.m.c.i.embedder.EclipseLogger - Copying 0 resource
2024-03-10 20:18:52,180 [Worker-42: Building] INFO  o.e.m.c.i.embedder.EclipseLogger - Using 'UTF-8' encoding to copy filtered resources.
2024-03-10 20:18:52,181 [Worker-42: Building] INFO  o.e.m.c.i.embedder.EclipseLogger - Copying 0 resource
2024-03-10 20:18:52,184 [Worker-42: Building] INFO  o.e.m.c.i.embedder.EclipseLogger - Using 'UTF-8' encoding to copy filtered resources.
2024-03-10 20:18:52,185 [Worker-42: Building] INFO  o.e.m.c.i.embedder.EclipseLogger - Copying 0 resource
2024-03-10 20:19:12,167 [Worker-42: Building] INFO  o.e.m.c.i.embedder.EclipseLogger - Using 'UTF-8' encoding to copy filtered resources.
2024-03-10 20:19:12,169 [Worker-42: Building] INFO  o.e.m.c.i.embedder.EclipseLogger - Copying 0 resource
2024-03-10 20:19:12,171 [Worker-42: Building] INFO  o.e.m.c.i.embedder.EclipseLogger - Using 'UTF-8' encoding to copy filtered resources.
2024-03-10 20:19:12,172 [Worker-42: Building] INFO  o.e.m.c.i.embedder.EclipseLogger - Copying 0 resource
2024-03-10 20:19:58,099 [Worker-48: Building] INFO  o.e.m.c.i.embedder.EclipseLogger - Using 'UTF-8' encoding to copy filtered resources.
2024-03-10 20:19:58,100 [Worker-48: Building] INFO  o.e.m.c.i.embedder.EclipseLogger - Copying 0 resource
2024-03-10 20:19:58,103 [Worker-48: Building] INFO  o.e.m.c.i.embedder.EclipseLogger - Using 'UTF-8' encoding to copy filtered resources.
2024-03-10 20:19:58,104 [Worker-48: Building] INFO  o.e.m.c.i.embedder.EclipseLogger - Copying 0 resource
2024-03-10 20:20:39,842 [Worker-50: Building] INFO  o.e.m.c.i.embedder.EclipseLogger - Using 'UTF-8' encoding to copy filtered resources.
2024-03-10 20:20:39,844 [Worker-50: Building] INFO  o.e.m.c.i.embedder.EclipseLogger - Copying 0 resource
2024-03-10 20:20:39,847 [Worker-50: Building] INFO  o.e.m.c.i.embedder.EclipseLogger - Using 'UTF-8' encoding to copy filtered resources.
2024-03-10 20:20:39,848 [Worker-50: Building] INFO  o.e.m.c.i.embedder.EclipseLogger - Copying 0 resource
2024-03-10 20:25:15,377 [Worker-49: Building] INFO  o.e.m.c.i.embedder.EclipseLogger - Using 'UTF-8' encoding to copy filtered resources.
2024-03-10 20:25:15,379 [Worker-49: Building] INFO  o.e.m.c.i.embedder.EclipseLogger - Copying 0 resource
2024-03-10 20:25:15,381 [Worker-49: Building] INFO  o.e.m.c.i.embedder.EclipseLogger - Using 'UTF-8' encoding to copy filtered resources.
2024-03-10 20:25:15,382 [Worker-49: Building] INFO  o.e.m.c.i.embedder.EclipseLogger - Copying 0 resource
2024-03-10 20:33:35,755 [Worker-46: Building] INFO  o.e.m.c.i.embedder.EclipseLogger - Using 'UTF-8' encoding to copy filtered resources.
2024-03-10 20:33:35,756 [Worker-46: Building] INFO  o.e.m.c.i.embedder.EclipseLogger - Copying 0 resource
2024-03-10 20:33:35,760 [Worker-46: Building] INFO  o.e.m.c.i.embedder.EclipseLogger - Using 'UTF-8' encoding to copy filtered resources.
2024-03-10 20:33:35,761 [Worker-46: Building] INFO  o.e.m.c.i.embedder.EclipseLogger - Copying 0 resource
2024-03-10 21:24:26,029 [Worker-49: Building] INFO  o.e.m.c.i.embedder.EclipseLogger - Using 'UTF-8' encoding to copy filtered resources.
2024-03-10 21:24:26,031 [Worker-49: Building] INFO  o.e.m.c.i.embedder.EclipseLogger - Copying 0 resource
2024-03-10 21:24:26,035 [Worker-49: Building] INFO  o.e.m.c.i.embedder.EclipseLogger - Using 'UTF-8' encoding to copy filtered resources.
2024-03-10 21:24:26,035 [Worker-49: Building] INFO  o.e.m.c.i.embedder.EclipseLogger - Copying 0 resource
2024-03-10 21:26:01,736 [Worker-54: Building] INFO  o.e.m.c.i.embedder.EclipseLogger - Using 'UTF-8' encoding to copy filtered resources.
2024-03-10 21:26:01,738 [Worker-54: Building] INFO  o.e.m.c.i.embedder.EclipseLogger - Copying 0 resource
2024-03-10 21:26:01,741 [Worker-54: Building] INFO  o.e.m.c.i.embedder.EclipseLogger - Using 'UTF-8' encoding to copy filtered resources.
2024-03-10 21:26:01,742 [Worker-54: Building] INFO  o.e.m.c.i.embedder.EclipseLogger - Copying 0 resource
2024-03-10 21:29:25,408 [Worker-52: Building] INFO  o.e.m.c.i.embedder.EclipseLogger - Using 'UTF-8' encoding to copy filtered resources.
2024-03-10 21:29:25,409 [Worker-52: Building] INFO  o.e.m.c.i.embedder.EclipseLogger - Copying 0 resource
2024-03-10 21:29:25,412 [Worker-52: Building] INFO  o.e.m.c.i.embedder.EclipseLogger - Using 'UTF-8' encoding to copy filtered resources.
2024-03-10 21:29:25,413 [Worker-52: Building] INFO  o.e.m.c.i.embedder.EclipseLogger - Copying 0 resource
2024-03-10 21:29:57,738 [Worker-42: Building] INFO  o.e.m.c.i.embedder.EclipseLogger - Using 'UTF-8' encoding to copy filtered resources.
2024-03-10 21:29:57,739 [Worker-42: Building] INFO  o.e.m.c.i.embedder.EclipseLogger - Copying 0 resource
2024-03-10 21:29:57,742 [Worker-42: Building] INFO  o.e.m.c.i.embedder.EclipseLogger - Using 'UTF-8' encoding to copy filtered resources.
2024-03-10 21:29:57,744 [Worker-42: Building] INFO  o.e.m.c.i.embedder.EclipseLogger - Copying 0 resource
2024-03-10 21:32:08,534 [Worker-42: Building] INFO  o.e.m.c.i.embedder.EclipseLogger - Using 'UTF-8' encoding to copy filtered resources.
2024-03-10 21:32:08,535 [Worker-42: Building] INFO  o.e.m.c.i.embedder.EclipseLogger - Copying 0 resource
2024-03-10 21:32:08,539 [Worker-42: Building] INFO  o.e.m.c.i.embedder.EclipseLogger - Using 'UTF-8' encoding to copy filtered resources.
2024-03-10 21:32:08,540 [Worker-42: Building] INFO  o.e.m.c.i.embedder.EclipseLogger - Copying 0 resource
2024-03-10 21:34:50,172 [Worker-52: Building] INFO  o.e.m.c.i.l.LifecycleMappingFactory - Using org.maven.ide.eclipse.wtp.WarLifecycleMapping lifecycle mapping for MavenProject: com.jsp:Student_Management_System:0.0.1-SNAPSHOT @ C:\Advance Java\ServletProject\Student_Management_System\pom.xml.
2024-03-10 21:34:51,258 [Worker-52: Building] INFO  o.e.m.c.i.e.AbstractTransferListenerAdapter - Downloading https://repo.maven.apache.org/maven2/jakarta/servlet/jakarta.servlet-api/6.1.0-M2/jakarta.servlet-api-6.1.0-M2.pom
2024-03-10 21:34:51,271 [Worker-52: Building] INFO  o.e.m.c.i.e.AbstractTransferListenerAdapter - Downloaded https://repo.maven.apache.org/maven2/jakarta/servlet/jakarta.servlet-api/6.1.0-M2/jakarta.servlet-api-6.1.0-M2.pom
2024-03-10 21:34:51,362 [Worker-52: Building] INFO  o.e.m.c.i.e.AbstractTransferListenerAdapter - Downloading https://repo.maven.apache.org/maven2/org/eclipse/ee4j/project/1.0.9/project-1.0.9.pom
2024-03-10 21:34:51,401 [Worker-52: Building] INFO  o.e.m.c.i.e.AbstractTransferListenerAdapter - Downloaded https://repo.maven.apache.org/maven2/org/eclipse/ee4j/project/1.0.9/project-1.0.9.pom
2024-03-10 21:34:51,697 [Worker-52: Building] INFO  o.e.m.c.i.e.AbstractTransferListenerAdapter - Downloading https://repo.maven.apache.org/maven2/jakarta/servlet/jakarta.servlet-api/6.1.0-M2/jakarta.servlet-api-6.1.0-M2.jar
2024-03-10 21:34:52,684 [Worker-52: Building] INFO  o.e.m.c.i.e.AbstractTransferListenerAdapter - Downloaded https://repo.maven.apache.org/maven2/jakarta/servlet/jakarta.servlet-api/6.1.0-M2/jakarta.servlet-api-6.1.0-M2.jar
2024-03-10 21:34:53,653 [Worker-52: Building] INFO  o.e.m.c.i.embedder.EclipseLogger - Using 'UTF-8' encoding to copy filtered resources.
2024-03-10 21:34:53,659 [Worker-52: Building] INFO  o.e.m.c.i.embedder.EclipseLogger - Copying 0 resource
2024-03-10 21:34:53,664 [Worker-52: Building] INFO  o.e.m.c.i.embedder.EclipseLogger - Using 'UTF-8' encoding to copy filtered resources.
2024-03-10 21:34:53,665 [Worker-52: Building] INFO  o.e.m.c.i.embedder.EclipseLogger - Copying 0 resource
2024-03-10 21:34:53,665 [Worker-52: Building] INFO  o.e.m.w.i.f.ResourceFilteringBuildParticipant - Changed resources require a complete clean of filtered resources of Student_Management_System
2024-03-10 21:34:53,665 [Worker-52: Building] INFO  o.e.m.w.i.f.ResourceFilteringBuildParticipant - Executing resource filtering for Student_Management_System
2024-03-10 21:34:55,924 [Worker-56: Download sources and javadoc] INFO  o.e.m.c.i.e.AbstractTransferListenerAdapter - Downloading https://repo.maven.apache.org/maven2/jakarta/servlet/jakarta.servlet-api/6.1.0-M2/jakarta.servlet-api-6.1.0-M2-sources.jar
2024-03-10 21:34:59,178 [Worker-56: Download sources and javadoc] INFO  o.e.m.c.i.e.AbstractTransferListenerAdapter - Downloaded https://repo.maven.apache.org/maven2/jakarta/servlet/jakarta.servlet-api/6.1.0-M2/jakarta.servlet-api-6.1.0-M2-sources.jar
2024-03-10 21:34:59,185 [Worker-56: Download sources and javadoc] INFO  o.e.m.j.internal.DownloadSourcesJob - Downloaded sources for jakarta.servlet:jakarta.servlet-api:6.1.0-M2
2024-03-10 21:35:20,390 [Worker-58: Building] INFO  o.e.m.c.i.l.LifecycleMappingFactory - Using org.maven.ide.eclipse.wtp.WarLifecycleMapping lifecycle mapping for MavenProject: com.jsp:Student_Management_System:0.0.1-SNAPSHOT @ C:\Advance Java\ServletProject\Student_Management_System\pom.xml.
2024-03-10 21:35:21,228 [Worker-58: Building] INFO  o.e.m.c.i.embedder.EclipseLogger - Using 'UTF-8' encoding to copy filtered resources.
2024-03-10 21:35:21,232 [Worker-58: Building] INFO  o.e.m.c.i.embedder.EclipseLogger - Copying 0 resource
2024-03-10 21:35:21,238 [Worker-58: Building] INFO  o.e.m.c.i.embedder.EclipseLogger - Using 'UTF-8' encoding to copy filtered resources.
2024-03-10 21:35:21,239 [Worker-58: Building] INFO  o.e.m.c.i.embedder.EclipseLogger - Copying 0 resource
2024-03-10 21:35:21,240 [Worker-58: Building] INFO  o.e.m.w.i.f.ResourceFilteringBuildParticipant - Changed resources require a complete clean of filtered resources of Student_Management_System
2024-03-10 21:35:21,240 [Worker-58: Building] INFO  o.e.m.w.i.f.ResourceFilteringBuildParticipant - Executing resource filtering for Student_Management_System
2024-03-10 21:38:39,103 [Worker-54: Building] INFO  o.e.m.c.i.embedder.EclipseLogger - Using 'UTF-8' encoding to copy filtered resources.
2024-03-10 21:38:39,105 [Worker-54: Building] INFO  o.e.m.c.i.embedder.EclipseLogger - Copying 0 resource
2024-03-10 21:38:39,108 [Worker-54: Building] INFO  o.e.m.c.i.embedder.EclipseLogger - Using 'UTF-8' encoding to copy filtered resources.
2024-03-10 21:38:39,109 [Worker-54: Building] INFO  o.e.m.c.i.embedder.EclipseLogger - Copying 0 resource
2024-03-10 21:39:44,469 [Worker-55: Building] INFO  o.e.m.c.i.embedder.EclipseLogger - Using 'UTF-8' encoding to copy filtered resources.
2024-03-10 21:39:44,471 [Worker-55: Building] INFO  o.e.m.c.i.embedder.EclipseLogger - Copying 0 resource
2024-03-10 21:39:44,472 [Worker-55: Building] INFO  o.e.m.c.i.embedder.EclipseLogger - Using 'UTF-8' encoding to copy filtered resources.
2024-03-10 21:39:44,473 [Worker-55: Building] INFO  o.e.m.c.i.embedder.EclipseLogger - Copying 0 resource
2024-03-11 01:49:10,655 [Worker-54: Building] INFO  o.e.m.c.i.embedder.EclipseLogger - Using 'UTF-8' encoding to copy filtered resources.
2024-03-11 01:49:10,657 [Worker-54: Building] INFO  o.e.m.c.i.embedder.EclipseLogger - Copying 0 resource
2024-03-11 01:49:10,661 [Worker-54: Building] INFO  o.e.m.c.i.embedder.EclipseLogger - Using 'UTF-8' encoding to copy filtered resources.
2024-03-11 01:49:10,662 [Worker-54: Building] INFO  o.e.m.c.i.embedder.EclipseLogger - Copying 0 resource
2024-03-11 01:51:41,131 [Worker-49: Building] INFO  o.e.m.c.i.embedder.EclipseLogger - Using 'UTF-8' encoding to copy filtered resources.
2024-03-11 01:51:41,133 [Worker-49: Building] INFO  o.e.m.c.i.embedder.EclipseLogger - Copying 0 resource
2024-03-11 01:51:41,135 [Worker-49: Building] INFO  o.e.m.c.i.embedder.EclipseLogger - Using 'UTF-8' encoding to copy filtered resources.
2024-03-11 01:51:41,136 [Worker-49: Building] INFO  o.e.m.c.i.embedder.EclipseLogger - Copying 0 resource
2024-03-11 01:52:40,437 [Worker-54: Building] INFO  o.e.m.c.i.embedder.EclipseLogger - Using 'UTF-8' encoding to copy filtered resources.
2024-03-11 01:52:40,440 [Worker-54: Building] INFO  o.e.m.c.i.embedder.EclipseLogger - Copying 0 resource
2024-03-11 01:52:40,442 [Worker-54: Building] INFO  o.e.m.c.i.embedder.EclipseLogger - Using 'UTF-8' encoding to copy filtered resources.
2024-03-11 01:52:40,443 [Worker-54: Building] INFO  o.e.m.c.i.embedder.EclipseLogger - Copying 0 resource
2024-03-11 01:54:27,432 [Worker-38: Building] INFO  o.e.m.c.i.embedder.EclipseLogger - Using 'UTF-8' encoding to copy filtered resources.
2024-03-11 01:54:27,433 [Worker-38: Building] INFO  o.e.m.c.i.embedder.EclipseLogger - Copying 0 resource
2024-03-11 01:54:27,435 [Worker-38: Building] INFO  o.e.m.c.i.embedder.EclipseLogger - Using 'UTF-8' encoding to copy filtered resources.
2024-03-11 01:54:27,436 [Worker-38: Building] INFO  o.e.m.c.i.embedder.EclipseLogger - Copying 0 resource
2024-03-11 01:55:15,922 [Worker-57: Building] INFO  o.e.m.c.i.embedder.EclipseLogger - Using 'UTF-8' encoding to copy filtered resources.
2024-03-11 01:55:15,923 [Worker-57: Building] INFO  o.e.m.c.i.embedder.EclipseLogger - Copying 0 resource
2024-03-11 01:55:15,926 [Worker-57: Building] INFO  o.e.m.c.i.embedder.EclipseLogger - Using 'UTF-8' encoding to copy filtered resources.
2024-03-11 01:55:15,927 [Worker-57: Building] INFO  o.e.m.c.i.embedder.EclipseLogger - Copying 0 resource
2024-03-11 01:55:52,603 [Worker-57: Building] INFO  o.e.m.c.i.embedder.EclipseLogger - Using 'UTF-8' encoding to copy filtered resources.
2024-03-11 01:55:52,604 [Worker-57: Building] INFO  o.e.m.c.i.embedder.EclipseLogger - Copying 0 resource
2024-03-11 01:55:52,606 [Worker-57: Building] INFO  o.e.m.c.i.embedder.EclipseLogger - Using 'UTF-8' encoding to copy filtered resources.
2024-03-11 01:55:52,607 [Worker-57: Building] INFO  o.e.m.c.i.embedder.EclipseLogger - Copying 0 resource
2024-03-11 01:57:27,306 [Worker-49: Building] INFO  o.e.m.c.i.embedder.EclipseLogger - Using 'UTF-8' encoding to copy filtered resources.
2024-03-11 01:57:27,307 [Worker-49: Building] INFO  o.e.m.c.i.embedder.EclipseLogger - Copying 0 resource
2024-03-11 01:57:27,309 [Worker-49: Building] INFO  o.e.m.c.i.embedder.EclipseLogger - Using 'UTF-8' encoding to copy filtered resources.
2024-03-11 01:57:27,309 [Worker-49: Building] INFO  o.e.m.c.i.embedder.EclipseLogger - Copying 0 resource
2024-03-11 01:59:12,884 [Worker-57: Building] INFO  o.e.m.c.i.embedder.EclipseLogger - Using 'UTF-8' encoding to copy filtered resources.
2024-03-11 01:59:12,885 [Worker-57: Building] INFO  o.e.m.c.i.embedder.EclipseLogger - Copying 0 resource
2024-03-11 01:59:12,889 [Worker-57: Building] INFO  o.e.m.c.i.embedder.EclipseLogger - Using 'UTF-8' encoding to copy filtered resources.
2024-03-11 01:59:12,890 [Worker-57: Building] INFO  o.e.m.c.i.embedder.EclipseLogger - Copying 0 resource
2024-03-11 01:59:59,894 [Worker-56: Building] INFO  o.e.m.c.i.embedder.EclipseLogger - Using 'UTF-8' encoding to copy filtered resources.
2024-03-11 01:59:59,895 [Worker-56: Building] INFO  o.e.m.c.i.embedder.EclipseLogger - Copying 0 resource
2024-03-11 01:59:59,898 [Worker-56: Building] INFO  o.e.m.c.i.embedder.EclipseLogger - Using 'UTF-8' encoding to copy filtered resources.
2024-03-11 01:59:59,900 [Worker-56: Building] INFO  o.e.m.c.i.embedder.EclipseLogger - Copying 0 resource
2024-03-11 02:00:37,931 [Worker-59: Building] INFO  o.e.m.c.i.embedder.EclipseLogger - Using 'UTF-8' encoding to copy filtered resources.
2024-03-11 02:00:37,932 [Worker-59: Building] INFO  o.e.m.c.i.embedder.EclipseLogger - Copying 0 resource
2024-03-11 02:00:37,934 [Worker-59: Building] INFO  o.e.m.c.i.embedder.EclipseLogger - Using 'UTF-8' encoding to copy filtered resources.
2024-03-11 02:00:37,935 [Worker-59: Building] INFO  o.e.m.c.i.embedder.EclipseLogger - Copying 0 resource
2024-03-11 02:00:59,748 [Worker-38: Building] INFO  o.e.m.c.i.embedder.EclipseLogger - Using 'UTF-8' encoding to copy filtered resources.
2024-03-11 02:00:59,750 [Worker-38: Building] INFO  o.e.m.c.i.embedder.EclipseLogger - Copying 0 resource
2024-03-11 02:00:59,752 [Worker-38: Building] INFO  o.e.m.c.i.embedder.EclipseLogger - Using 'UTF-8' encoding to copy filtered resources.
2024-03-11 02:00:59,753 [Worker-38: Building] INFO  o.e.m.c.i.embedder.EclipseLogger - Copying 0 resource
2024-03-11 02:01:58,483 [Worker-38: Building] INFO  o.e.m.c.i.embedder.EclipseLogger - Using 'UTF-8' encoding to copy filtered resources.
2024-03-11 02:01:58,484 [Worker-38: Building] INFO  o.e.m.c.i.embedder.EclipseLogger - Copying 0 resource
2024-03-11 02:01:58,487 [Worker-38: Building] INFO  o.e.m.c.i.embedder.EclipseLogger - Using 'UTF-8' encoding to copy filtered resources.
2024-03-11 02:01:58,488 [Worker-38: Building] INFO  o.e.m.c.i.embedder.EclipseLogger - Copying 0 resource
2024-03-11 02:04:01,627 [Worker-56: Building] INFO  o.e.m.c.i.embedder.EclipseLogger - Using 'UTF-8' encoding to copy filtered resources.
2024-03-11 02:04:01,630 [Worker-56: Building] INFO  o.e.m.c.i.embedder.EclipseLogger - Copying 0 resource
2024-03-11 02:04:01,632 [Worker-56: Building] INFO  o.e.m.c.i.embedder.EclipseLogger - Using 'UTF-8' encoding to copy filtered resources.
2024-03-11 02:04:01,634 [Worker-56: Building] INFO  o.e.m.c.i.embedder.EclipseLogger - Copying 0 resource
2024-03-11 02:04:57,455 [Worker-59: Building] INFO  o.e.m.c.i.embedder.EclipseLogger - Using 'UTF-8' encoding to copy filtered resources.
2024-03-11 02:04:57,457 [Worker-59: Building] INFO  o.e.m.c.i.embedder.EclipseLogger - Copying 0 resource
2024-03-11 02:04:57,459 [Worker-59: Building] INFO  o.e.m.c.i.embedder.EclipseLogger - Using 'UTF-8' encoding to copy filtered resources.
2024-03-11 02:04:57,460 [Worker-59: Building] INFO  o.e.m.c.i.embedder.EclipseLogger - Copying 0 resource
2024-03-11 02:05:53,646 [Worker-59: Building] INFO  o.e.m.c.i.embedder.EclipseLogger - Using 'UTF-8' encoding to copy filtered resources.
2024-03-11 02:05:53,647 [Worker-59: Building] INFO  o.e.m.c.i.embedder.EclipseLogger - Copying 0 resource
2024-03-11 02:05:53,650 [Worker-59: Building] INFO  o.e.m.c.i.embedder.EclipseLogger - Using 'UTF-8' encoding to copy filtered resources.
2024-03-11 02:05:53,651 [Worker-59: Building] INFO  o.e.m.c.i.embedder.EclipseLogger - Copying 0 resource
2024-03-11 02:06:28,873 [Worker-54: Building] INFO  o.e.m.c.i.embedder.EclipseLogger - Using 'UTF-8' encoding to copy filtered resources.
2024-03-11 02:06:28,874 [Worker-54: Building] INFO  o.e.m.c.i.embedder.EclipseLogger - Copying 0 resource
2024-03-11 02:06:28,879 [Worker-54: Building] INFO  o.e.m.c.i.embedder.EclipseLogger - Using 'UTF-8' encoding to copy filtered resources.
2024-03-11 02:06:28,880 [Worker-54: Building] INFO  o.e.m.c.i.embedder.EclipseLogger - Copying 0 resource
2024-03-11 02:06:32,826 [Worker-60: Building] INFO  o.e.m.c.i.embedder.EclipseLogger - Using 'UTF-8' encoding to copy filtered resources.
2024-03-11 02:06:32,828 [Worker-60: Building] INFO  o.e.m.c.i.embedder.EclipseLogger - Copying 0 resource
2024-03-11 02:06:32,829 [Worker-60: Building] INFO  o.e.m.c.i.embedder.EclipseLogger - Using 'UTF-8' encoding to copy filtered resources.
2024-03-11 02:06:32,830 [Worker-60: Building] INFO  o.e.m.c.i.embedder.EclipseLogger - Copying 0 resource
2024-03-11 02:07:15,444 [Worker-57: Building] INFO  o.e.m.c.i.embedder.EclipseLogger - Using 'UTF-8' encoding to copy filtered resources.
2024-03-11 02:07:15,446 [Worker-57: Building] INFO  o.e.m.c.i.embedder.EclipseLogger - Copying 0 resource
2024-03-11 02:07:15,448 [Worker-57: Building] INFO  o.e.m.c.i.embedder.EclipseLogger - Using 'UTF-8' encoding to copy filtered resources.
2024-03-11 02:07:15,449 [Worker-57: Building] INFO  o.e.m.c.i.embedder.EclipseLogger - Copying 0 resource
2024-03-11 02:07:57,902 [Worker-60: Building] INFO  o.e.m.c.i.embedder.EclipseLogger - Using 'UTF-8' encoding to copy filtered resources.
2024-03-11 02:07:57,903 [Worker-60: Building] INFO  o.e.m.c.i.embedder.EclipseLogger - Copying 0 resource
2024-03-11 02:07:57,907 [Worker-60: Building] INFO  o.e.m.c.i.embedder.EclipseLogger - Using 'UTF-8' encoding to copy filtered resources.
2024-03-11 02:07:57,909 [Worker-60: Building] INFO  o.e.m.c.i.embedder.EclipseLogger - Copying 0 resource
2024-03-11 02:08:17,815 [Worker-54: Building] INFO  o.e.m.c.i.embedder.EclipseLogger - Using 'UTF-8' encoding to copy filtered resources.
2024-03-11 02:08:17,816 [Worker-54: Building] INFO  o.e.m.c.i.embedder.EclipseLogger - Copying 0 resource
2024-03-11 02:08:17,818 [Worker-54: Building] INFO  o.e.m.c.i.embedder.EclipseLogger - Using 'UTF-8' encoding to copy filtered resources.
2024-03-11 02:08:17,819 [Worker-54: Building] INFO  o.e.m.c.i.embedder.EclipseLogger - Copying 0 resource
2024-03-11 02:08:58,521 [Worker-38: Building] INFO  o.e.m.c.i.embedder.EclipseLogger - Using 'UTF-8' encoding to copy filtered resources.
2024-03-11 02:08:58,522 [Worker-38: Building] INFO  o.e.m.c.i.embedder.EclipseLogger - Copying 0 resource
2024-03-11 02:08:58,524 [Worker-38: Building] INFO  o.e.m.c.i.embedder.EclipseLogger - Using 'UTF-8' encoding to copy filtered resources.
2024-03-11 02:08:58,524 [Worker-38: Building] INFO  o.e.m.c.i.embedder.EclipseLogger - Copying 0 resource
2024-03-11 02:09:30,122 [Worker-57: Building] INFO  o.e.m.c.i.embedder.EclipseLogger - Using 'UTF-8' encoding to copy filtered resources.
2024-03-11 02:09:30,123 [Worker-57: Building] INFO  o.e.m.c.i.embedder.EclipseLogger - Copying 0 resource
2024-03-11 02:09:30,126 [Worker-57: Building] INFO  o.e.m.c.i.embedder.EclipseLogger - Using 'UTF-8' encoding to copy filtered resources.
2024-03-11 02:09:30,128 [Worker-57: Building] INFO  o.e.m.c.i.embedder.EclipseLogger - Copying 0 resource
2024-03-11 02:09:58,120 [Worker-56: Building] INFO  o.e.m.c.i.embedder.EclipseLogger - Using 'UTF-8' encoding to copy filtered resources.
2024-03-11 02:09:58,122 [Worker-56: Building] INFO  o.e.m.c.i.embedder.EclipseLogger - Copying 0 resource
2024-03-11 02:09:58,124 [Worker-56: Building] INFO  o.e.m.c.i.embedder.EclipseLogger - Using 'UTF-8' encoding to copy filtered resources.
2024-03-11 02:09:58,125 [Worker-56: Building] INFO  o.e.m.c.i.embedder.EclipseLogger - Copying 0 resource
2024-03-11 02:10:57,823 [Worker-57: Building] INFO  o.e.m.c.i.embedder.EclipseLogger - Using 'UTF-8' encoding to copy filtered resources.
2024-03-11 02:10:57,824 [Worker-57: Building] INFO  o.e.m.c.i.embedder.EclipseLogger - Copying 0 resource
2024-03-11 02:10:57,828 [Worker-57: Building] INFO  o.e.m.c.i.embedder.EclipseLogger - Using 'UTF-8' encoding to copy filtered resources.
2024-03-11 02:10:57,829 [Worker-57: Building] INFO  o.e.m.c.i.embedder.EclipseLogger - Copying 0 resource
2024-03-11 02:11:24,016 [Worker-54: Building] INFO  o.e.m.c.i.embedder.EclipseLogger - Using 'UTF-8' encoding to copy filtered resources.
2024-03-11 02:11:24,017 [Worker-54: Building] INFO  o.e.m.c.i.embedder.EclipseLogger - Copying 0 resource
2024-03-11 02:11:24,019 [Worker-54: Building] INFO  o.e.m.c.i.embedder.EclipseLogger - Using 'UTF-8' encoding to copy filtered resources.
2024-03-11 02:11:24,020 [Worker-54: Building] INFO  o.e.m.c.i.embedder.EclipseLogger - Copying 0 resource
2024-03-11 02:12:05,635 [Worker-38: Building] INFO  o.e.m.c.i.embedder.EclipseLogger - Using 'UTF-8' encoding to copy filtered resources.
2024-03-11 02:12:05,636 [Worker-38: Building] INFO  o.e.m.c.i.embedder.EclipseLogger - Copying 0 resource
2024-03-11 02:12:05,639 [Worker-38: Building] INFO  o.e.m.c.i.embedder.EclipseLogger - Using 'UTF-8' encoding to copy filtered resources.
2024-03-11 02:12:05,640 [Worker-38: Building] INFO  o.e.m.c.i.embedder.EclipseLogger - Copying 0 resource
2024-03-11 02:13:56,370 [Worker-61: Building] INFO  o.e.m.c.i.embedder.EclipseLogger - Using 'UTF-8' encoding to copy filtered resources.
2024-03-11 02:13:56,372 [Worker-61: Building] INFO  o.e.m.c.i.embedder.EclipseLogger - Copying 0 resource
2024-03-11 02:13:56,375 [Worker-61: Building] INFO  o.e.m.c.i.embedder.EclipseLogger - Using 'UTF-8' encoding to copy filtered resources.
2024-03-11 02:13:56,376 [Worker-61: Building] INFO  o.e.m.c.i.embedder.EclipseLogger - Copying 0 resource
2024-03-11 21:59:07,682 [Worker-6: Loading available Gradle versions] INFO  o.e.b.c.i.u.g.PublishedGradleVersions - Gradle version information cache is out-of-date. Trying to update.
2024-03-11 22:04:44,276 [Worker-13: Building] INFO  o.e.m.c.i.embedder.EclipseLogger - Using 'UTF-8' encoding to copy filtered resources.
2024-03-11 22:04:44,283 [Worker-13: Building] INFO  o.e.m.c.i.embedder.EclipseLogger - Copying 0 resource
2024-03-11 22:04:44,288 [Worker-13: Building] INFO  o.e.m.c.i.embedder.EclipseLogger - Using 'UTF-8' encoding to copy filtered resources.
2024-03-11 22:04:44,288 [Worker-13: Building] INFO  o.e.m.c.i.embedder.EclipseLogger - Copying 0 resource
